Using pre-set license
Built from '2020.3/release' branch; Version is '2020.3.27f1 (e759542391ea) revision 15161684'; Using compiler version '192528614'; Build Type 'Release'
OS: 'Windows 10  (10.0.19042) 64bit Professional' Language: 'en' Physical Memory: 16328 MB
BatchMode: 1, IsHumanControllingUs: 0, StartBugReporterOnCrash: 0, Is64bit: 1, IsPro: 0

COMMAND LINE ARGUMENTS:
F:\+APPLICATIONS\UnityEditors\2020.3.27f1\Editor\Unity.exe
-adb2
-batchMode
-noUpm
-name
AssetImportWorker0
-projectPath
F:/+CODE/+UNITY/FP/cs3540/LevelPrototypeFP2
-logFile
Logs/AssetImportWorker0.log
-srvPort
9591
Successfully changed project path to: F:/+CODE/+UNITY/FP/cs3540/LevelPrototypeFP2
F:/+CODE/+UNITY/FP/cs3540/LevelPrototypeFP2
Using Asset Import Pipeline V2.
Refreshing native plugins compatible for Editor in 161.69 ms, found 2 plugins.
Preloading 0 native plugins for Editor in 0.00 ms.
Initialize engine version: 2020.3.27f1 (e759542391ea)
[Subsystems] Discovering subsystems at path F:/+APPLICATIONS/UnityEditors/2020.3.27f1/Editor/Data/Resources/UnitySubsystems
[Subsystems] Discovering subsystems at path F:/+CODE/+UNITY/FP/cs3540/LevelPrototypeFP2/Assets
GfxDevice: creating device client; threaded=0
Direct3D:
    Version:  Direct3D 11.0 [level 11.1]
    Renderer: AMD Radeon (TM) R9 380 Series (ID=0x6939)
    Vendor:   
    VRAM:     4070 MB
    Driver:   27.20.21003.8013
Initialize mono
Mono path[0] = 'F:/+APPLICATIONS/UnityEditors/2020.3.27f1/Editor/Data/Managed'
Mono path[1] = 'F:/+APPLICATIONS/UnityEditors/2020.3.27f1/Editor/Data/MonoBleedingEdge/lib/mono/unityjit'
Mono config path = 'F:/+APPLICATIONS/UnityEditors/2020.3.27f1/Editor/Data/MonoBleedingEdge/etc'
Using monoOptions --debugger-agent=transport=dt_socket,embedding=1,server=y,suspend=n,address=127.0.0.1:56432
Begin MonoManager ReloadAssembly
Registering precompiled unity dll's ...
Register platform support module: F:/+APPLICATIONS/UnityEditors/2020.3.27f1/Editor/Data/PlaybackEngines/WebGLSupport/UnityEditor.WebGL.Extensions.dll
Register platform support module: F:/+APPLICATIONS/UnityEditors/2020.3.27f1/Editor/Data/PlaybackEngines/WindowsStandaloneSupport/UnityEditor.WindowsStandalone.Extensions.dll
Registered in 0.008397 seconds.
Native extension for WindowsStandalone target not found
Native extension for WebGL target not found
Refreshing native plugins compatible for Editor in 85.32 ms, found 2 plugins.
Preloading 0 native plugins for Editor in 0.00 ms.
Mono: successfully reloaded assembly
- Completed reload, in  1.653 seconds
Domain Reload Profiling:
	ReloadAssembly (1653ms)
		BeginReloadAssembly (350ms)
			ExecutionOrderSort (0ms)
			DisableScriptedObjects (0ms)
			BackupInstance (0ms)
			ReleaseScriptingObjects (0ms)
			CreateAndSetChildDomain (2ms)
		EndReloadAssembly (1027ms)
			LoadAssemblies (353ms)
			RebuildTransferFunctionScriptingTraits (1ms)
			SetupTypeCache (465ms)
			ReleaseScriptCaches (0ms)
			RebuildScriptCaches (71ms)
			SetupLoadedEditorAssemblies (275ms)
				LogAssemblyErrors (0ms)
				InitializePlatformSupportModulesInManaged (6ms)
				SetLoadedEditorAssemblies (0ms)
				RefreshPlugins (85ms)
				BeforeProcessingInitializeOnLoad (18ms)
				ProcessInitializeOnLoadAttributes (124ms)
				ProcessInitializeOnLoadMethodAttributes (41ms)
				AfterProcessingInitializeOnLoad (0ms)
				EditorAssembliesLoaded (0ms)
			ExecutionOrderSort2 (0ms)
			AwakeInstancesAfterBackupRestoration (0ms)
Platform modules already initialized, skipping
Registering precompiled user dll's ...
Registered in 0.011042 seconds.
Begin MonoManager ReloadAssembly
Native extension for WindowsStandalone target not found
Native extension for WebGL target not found
Refreshing native plugins compatible for Editor in 0.80 ms, found 2 plugins.
Preloading 0 native plugins for Editor in 0.00 ms.
Mono: successfully reloaded assembly
- Completed reload, in  2.675 seconds
Domain Reload Profiling:
	ReloadAssembly (2677ms)
		BeginReloadAssembly (235ms)
			ExecutionOrderSort (0ms)
			DisableScriptedObjects (5ms)
			BackupInstance (0ms)
			ReleaseScriptingObjects (0ms)
			CreateAndSetChildDomain (29ms)
		EndReloadAssembly (2346ms)
			LoadAssemblies (166ms)
			RebuildTransferFunctionScriptingTraits (0ms)
			SetupTypeCache (1139ms)
			ReleaseScriptCaches (2ms)
			RebuildScriptCaches (127ms)
			SetupLoadedEditorAssemblies (697ms)
				LogAssemblyErrors (0ms)
				InitializePlatformSupportModulesInManaged (8ms)
				SetLoadedEditorAssemblies (1ms)
				RefreshPlugins (1ms)
				BeforeProcessingInitializeOnLoad (167ms)
				ProcessInitializeOnLoadAttributes (499ms)
				ProcessInitializeOnLoadMethodAttributes (19ms)
				AfterProcessingInitializeOnLoad (3ms)
				EditorAssembliesLoaded (0ms)
			ExecutionOrderSort2 (0ms)
			AwakeInstancesAfterBackupRestoration (9ms)
Platform modules already initialized, skipping
========================================================================
Worker process is ready to serve import requests
Launched and connected shader compiler UnityShaderCompiler.exe after 0.11 seconds
Refreshing native plugins compatible for Editor in 0.79 ms, found 2 plugins.
Preloading 0 native plugins for Editor in 0.00 ms.
Unloading 1874 Unused Serialized files (Serialized files now loaded: 0)
System memory in use before: 90.1 MB.
System memory in use after: 90.1 MB.

Unloading 20 unused Assets to reduce memory usage. Loaded Objects now: 2309.
Total: 4.713600 ms (FindLiveObjects: 0.166500 ms CreateObjectMapping: 0.111600 ms MarkObjects: 4.314100 ms  DeleteObjects: 0.119700 ms)

AssetImportParameters requested are different than current active one (requested -> active):
  custom:framework-win-MediaFoundation: 216162199b28c13a410421893ffa2e32 -> 
  custom:video-decoder-ogg-theora: a1e56fd34408186e4bbccfd4996cb3dc -> 
  custom:container-muxer-webm: aa71ff27fc2769a1b78a27578f13a17b -> 
  custom:container-demuxer-webm: 4f35f7cbe854078d1ac9338744f61a02 -> 
  custom:container-demuxer-ogg: 62fdf1f143b41e24485cea50d1cbac27 -> 
  custom:video-encoder-webm-vp8: eb34c28f22e8b96e1ab97ce403110664 -> 
  custom:video-decoder-webm-vp8: 9c59270c3fd7afecdb556c50c9e8de78 -> 
  custom:audio-decoder-ogg-vorbis: bf7c407c2cedff20999df2af8eb42d56 -> 
  custom:audio-encoder-webm-vorbis: bf7c407c2cedff20999df2af8eb42d56 -> 
========================================================================
Received Import Request.
  path: Assets/JoshsObjects/borderbackArtboard 5.png
  artifactKey: Guid(e1a96779bd4766b4687f00af2d758da8) Importer(815301076,1909f56bfc062723c751e8b465ee728b)
Start importing Assets/JoshsObjects/borderbackArtboard 5.png using Guid(e1a96779bd4766b4687f00af2d758da8) Importer(815301076,1909f56bfc062723c751e8b465ee728b)  -> (artifact id: 'f21589349df977030af800b1ee5978ab') in 0.148893 seconds 
  Import took 0.152764 seconds .

========================================================================
Received Import Request.
  Time since last request: 0.000350 seconds.
  path: Assets/JoshsObjects/bordermid1Artboard 5.png
  artifactKey: Guid(24afc0d7739419b4baac1aa0b4be1095) Importer(815301076,1909f56bfc062723c751e8b465ee728b)
Start importing Assets/JoshsObjects/bordermid1Artboard 5.png using Guid(24afc0d7739419b4baac1aa0b4be1095) Importer(815301076,1909f56bfc062723c751e8b465ee728b)  -> (artifact id: '9e49ca8adeb7efeecaf40260511c9693') in 0.018830 seconds 
  Import took 0.024622 seconds .

========================================================================
Received Import Request.
  Time since last request: 6.734855 seconds.
  path: Assets/JoshsObjects/bordermid2Artboard 5.png
  artifactKey: Guid(8828ed6ca27431445994ec9804f095a9) Importer(815301076,1909f56bfc062723c751e8b465ee728b)
Start importing Assets/JoshsObjects/bordermid2Artboard 5.png using Guid(8828ed6ca27431445994ec9804f095a9) Importer(815301076,1909f56bfc062723c751e8b465ee728b)  -> (artifact id: '3980c311af21435a08d7ee4ba5150757') in 0.121076 seconds 
  Import took 0.129345 seconds .

========================================================================
Received Import Request.
  Time since last request: 6.399578 seconds.
  path: Assets/JoshsObjects/gametvroomArtboard 6.png
  artifactKey: Guid(2f5120d678f7c394c8f6665287c44178) Importer(815301076,1909f56bfc062723c751e8b465ee728b)
Start importing Assets/JoshsObjects/gametvroomArtboard 6.png using Guid(2f5120d678f7c394c8f6665287c44178) Importer(815301076,1909f56bfc062723c751e8b465ee728b)  -> (artifact id: 'd438d2d43595bcf027cda31ad6122a80') in 0.142997 seconds 
  Import took 0.171130 seconds .

========================================================================
Received Import Request.
  Time since last request: 5.003150 seconds.
  path: Assets/JoshsObjects/bordermid2Artboard 5.png
  artifactKey: Guid(8828ed6ca27431445994ec9804f095a9) Importer(815301076,1909f56bfc062723c751e8b465ee728b)
Start importing Assets/JoshsObjects/bordermid2Artboard 5.png using Guid(8828ed6ca27431445994ec9804f095a9) Importer(815301076,1909f56bfc062723c751e8b465ee728b)  -> (artifact id: '904ebfdd47fb4738ed58dd6e12c92cbd') in 0.136266 seconds 
  Import took 0.181140 seconds .

========================================================================
Received Import Request.
  Time since last request: 0.363748 seconds.
  path: Assets/JoshsObjects/gametvroomArtboard 6.png
  artifactKey: Guid(2f5120d678f7c394c8f6665287c44178) Importer(815301076,1909f56bfc062723c751e8b465ee728b)
Start importing Assets/JoshsObjects/gametvroomArtboard 6.png using Guid(2f5120d678f7c394c8f6665287c44178) Importer(815301076,1909f56bfc062723c751e8b465ee728b)  -> (artifact id: '22dbf13b4746c07ca5609f99a79c3276') in 0.038257 seconds 
  Import took 0.042741 seconds .

========================================================================
Received Import Request.
  Time since last request: 1.408329 seconds.
  path: Assets/JoshsObjects/bordermid1Artboard 5.png
  artifactKey: Guid(24afc0d7739419b4baac1aa0b4be1095) Importer(815301076,1909f56bfc062723c751e8b465ee728b)
Start importing Assets/JoshsObjects/bordermid1Artboard 5.png using Guid(24afc0d7739419b4baac1aa0b4be1095) Importer(815301076,1909f56bfc062723c751e8b465ee728b)  -> (artifact id: 'b566cc670fe6cd45e37728482437cc3d') in 0.033295 seconds 
  Import took 0.037950 seconds .

========================================================================
Received Import Request.
  Time since last request: 0.513352 seconds.
  path: Assets/JoshsObjects/borderbackArtboard 5.png
  artifactKey: Guid(e1a96779bd4766b4687f00af2d758da8) Importer(815301076,1909f56bfc062723c751e8b465ee728b)
Start importing Assets/JoshsObjects/borderbackArtboard 5.png using Guid(e1a96779bd4766b4687f00af2d758da8) Importer(815301076,1909f56bfc062723c751e8b465ee728b)  -> (artifact id: '170cc6de2e4331ddf904104f867484d2') in 0.044919 seconds 
  Import took 0.050327 seconds .

========================================================================
Received Import Request.
  Time since last request: 246.004330 seconds.
  path: Assets/Prefabs/Enemies/SM_Prop_Drone_Ball_01.prefab
  artifactKey: Guid(e5e5151e4118aa64ead96280eac51926) Importer(815301076,1909f56bfc062723c751e8b465ee728b)
Start importing Assets/Prefabs/Enemies/SM_Prop_Drone_Ball_01.prefab using Guid(e5e5151e4118aa64ead96280eac51926) Importer(815301076,1909f56bfc062723c751e8b465ee728b)  -> (artifact id: '760bf984a0d47b156bd755b1ed68dd4b') in 0.334798 seconds 
  Import took 0.347638 seconds .

========================================================================
Received Import Request.
  Time since last request: 3.292621 seconds.
  path: Assets/Prefabs/Enemies/SM_Prop_Drone_02.prefab
  artifactKey: Guid(6a8012369f08f05489ebc619ce21c517) Importer(815301076,1909f56bfc062723c751e8b465ee728b)
Start importing Assets/Prefabs/Enemies/SM_Prop_Drone_02.prefab using Guid(6a8012369f08f05489ebc619ce21c517) Importer(815301076,1909f56bfc062723c751e8b465ee728b)  -> (artifact id: 'ffdd32c8513ad8d462db77d7ff43f798') in 0.113792 seconds 
  Import took 0.124235 seconds .

========================================================================
Received Prepare
Registering precompiled user dll's ...
Registered in 0.004274 seconds.
Begin MonoManager ReloadAssembly
Native extension for WindowsStandalone target not found
Native extension for WebGL target not found
Refreshing native plugins compatible for Editor in 0.76 ms, found 2 plugins.
Preloading 0 native plugins for Editor in 0.00 ms.
Mono: successfully reloaded assembly
- Completed reload, in  2.775 seconds
Domain Reload Profiling:
	ReloadAssembly (2777ms)
		BeginReloadAssembly (232ms)
			ExecutionOrderSort (0ms)
			DisableScriptedObjects (7ms)
			BackupInstance (0ms)
			ReleaseScriptingObjects (0ms)
			CreateAndSetChildDomain (63ms)
		EndReloadAssembly (2450ms)
			LoadAssemblies (169ms)
			RebuildTransferFunctionScriptingTraits (0ms)
			SetupTypeCache (1523ms)
			ReleaseScriptCaches (2ms)
			RebuildScriptCaches (74ms)
			SetupLoadedEditorAssemblies (445ms)
				LogAssemblyErrors (0ms)
				InitializePlatformSupportModulesInManaged (12ms)
				SetLoadedEditorAssemblies (1ms)
				RefreshPlugins (1ms)
				BeforeProcessingInitializeOnLoad (133ms)
				ProcessInitializeOnLoadAttributes (281ms)
				ProcessInitializeOnLoadMethodAttributes (10ms)
				AfterProcessingInitializeOnLoad (7ms)
				EditorAssembliesLoaded (0ms)
			ExecutionOrderSort2 (0ms)
			AwakeInstancesAfterBackupRestoration (23ms)
Platform modules already initialized, skipping
Refreshing native plugins compatible for Editor in 1.15 ms, found 2 plugins.
Preloading 0 native plugins for Editor in 0.00 ms.
Unloading 1840 Unused Serialized files (Serialized files now loaded: 0)
System memory in use before: 90.2 MB.
System memory in use after: 90.2 MB.

Unloading 15 unused Assets to reduce memory usage. Loaded Objects now: 2325.
Total: 3.486100 ms (FindLiveObjects: 0.382000 ms CreateObjectMapping: 0.113700 ms MarkObjects: 2.912300 ms  DeleteObjects: 0.076800 ms)

AssetImportParameters requested are different than current active one (requested -> active):
  custom:framework-win-MediaFoundation: 216162199b28c13a410421893ffa2e32 -> 
  custom:video-decoder-ogg-theora: a1e56fd34408186e4bbccfd4996cb3dc -> 
  custom:container-muxer-webm: aa71ff27fc2769a1b78a27578f13a17b -> 
  custom:container-demuxer-webm: 4f35f7cbe854078d1ac9338744f61a02 -> 
  custom:container-demuxer-ogg: 62fdf1f143b41e24485cea50d1cbac27 -> 
  custom:video-encoder-webm-vp8: eb34c28f22e8b96e1ab97ce403110664 -> 
  custom:video-decoder-webm-vp8: 9c59270c3fd7afecdb556c50c9e8de78 -> 
  custom:audio-decoder-ogg-vorbis: bf7c407c2cedff20999df2af8eb42d56 -> 
  custom:audio-encoder-webm-vorbis: bf7c407c2cedff20999df2af8eb42d56 -> 
========================================================================
Received Import Request.
  Time since last request: 241.781863 seconds.
  path: Assets/JoshsObjects
  artifactKey: Guid(4eb4bbacc26407c42a52b31828599398) Importer(815301076,1909f56bfc062723c751e8b465ee728b)
Start importing Assets/JoshsObjects using Guid(4eb4bbacc26407c42a52b31828599398) Importer(815301076,1909f56bfc062723c751e8b465ee728b)  -> (artifact id: 'b9ba4e8ee4b7ca8b90c3045a22057d2c') in 0.020899 seconds 
  Import took 0.026592 seconds .

========================================================================
Received Import Request.
  Time since last request: 8.980092 seconds.
  path: Assets/JoshsObjects/whitebordermid1Artboard 5.png
  artifactKey: Guid(0aa31db27ca4a4241b12cb7a6ce391ed) Importer(815301076,1909f56bfc062723c751e8b465ee728b)
Start importing Assets/JoshsObjects/whitebordermid1Artboard 5.png using Guid(0aa31db27ca4a4241b12cb7a6ce391ed) Importer(815301076,1909f56bfc062723c751e8b465ee728b)  -> (artifact id: '30bf45494cce789c60146c1d37036ab5') in 0.070407 seconds 
  Import took 0.074390 seconds .

========================================================================
Received Import Request.
  Time since last request: 5.222921 seconds.
  path: Assets/JoshsObjects/whitebordermid2Artboard 5.png
  artifactKey: Guid(91bb8086150b6a74b87474d258042b11) Importer(815301076,1909f56bfc062723c751e8b465ee728b)
Start importing Assets/JoshsObjects/whitebordermid2Artboard 5.png using Guid(91bb8086150b6a74b87474d258042b11) Importer(815301076,1909f56bfc062723c751e8b465ee728b)  -> (artifact id: '13cac3aa37d54105b458f7c6b9c88063') in 0.023608 seconds 
  Import took 0.031260 seconds .

========================================================================
Received Import Request.
  Time since last request: 4.053297 seconds.
  path: Assets/JoshsObjects/whiteborderunionArtboard 5.png
  artifactKey: Guid(be1d0ddf1e5adc743a32cd30125d1a82) Importer(815301076,1909f56bfc062723c751e8b465ee728b)
Start importing Assets/JoshsObjects/whiteborderunionArtboard 5.png using Guid(be1d0ddf1e5adc743a32cd30125d1a82) Importer(815301076,1909f56bfc062723c751e8b465ee728b)  -> (artifact id: '57cb59dc37240139546bd803b5fd086f') in 0.086298 seconds 
  Import took 0.108478 seconds .

========================================================================
Received Import Request.
  Time since last request: 8.366848 seconds.
  path: Assets/JoshsObjects/whitebordermid1Artboard 5.png
  artifactKey: Guid(0aa31db27ca4a4241b12cb7a6ce391ed) Importer(815301076,1909f56bfc062723c751e8b465ee728b)
Start importing Assets/JoshsObjects/whitebordermid1Artboard 5.png using Guid(0aa31db27ca4a4241b12cb7a6ce391ed) Importer(815301076,1909f56bfc062723c751e8b465ee728b)  -> (artifact id: 'ce1376c1bbf3da7c2752c7399140271b') in 0.089337 seconds 
  Import took 0.101856 seconds .

========================================================================
Received Import Request.
  Time since last request: 0.000302 seconds.
  path: Assets/JoshsObjects/whiteborderunionArtboard 5.png
  artifactKey: Guid(be1d0ddf1e5adc743a32cd30125d1a82) Importer(815301076,1909f56bfc062723c751e8b465ee728b)
Start importing Assets/JoshsObjects/whiteborderunionArtboard 5.png using Guid(be1d0ddf1e5adc743a32cd30125d1a82) Importer(815301076,1909f56bfc062723c751e8b465ee728b)  -> (artifact id: '33232fae8403493503f6384f4c862aca') in 0.038267 seconds 
  Import took 0.045068 seconds .

========================================================================
Received Import Request.
  Time since last request: 0.001276 seconds.
  path: Assets/JoshsObjects/whitebordermid2Artboard 5.png
  artifactKey: Guid(91bb8086150b6a74b87474d258042b11) Importer(815301076,1909f56bfc062723c751e8b465ee728b)
Start importing Assets/JoshsObjects/whitebordermid2Artboard 5.png using Guid(91bb8086150b6a74b87474d258042b11) Importer(815301076,1909f56bfc062723c751e8b465ee728b)  -> (artifact id: 'c9e3dd8c482635333d69208b1678a944') in 0.045240 seconds 
  Import took 0.060537 seconds .

========================================================================
Received Import Request.
  Time since last request: 42.131520 seconds.
  path: Assets/JoshsObjects/whitebordermid2Artboard 5.png
  artifactKey: Guid(91bb8086150b6a74b87474d258042b11) Importer(815301076,1909f56bfc062723c751e8b465ee728b)
Start importing Assets/JoshsObjects/whitebordermid2Artboard 5.png using Guid(91bb8086150b6a74b87474d258042b11) Importer(815301076,1909f56bfc062723c751e8b465ee728b)  -> (artifact id: 'aaa57a8a22f9e8e2aa4e43681342fadd') in 0.042569 seconds 
  Import took 0.054347 seconds .

========================================================================
Received Prepare
Registering precompiled user dll's ...
Registered in 0.004882 seconds.
Begin MonoManager ReloadAssembly
Native extension for WindowsStandalone target not found
Native extension for WebGL target not found
Refreshing native plugins compatible for Editor in 0.59 ms, found 2 plugins.
Preloading 0 native plugins for Editor in 0.00 ms.
Mono: successfully reloaded assembly
- Completed reload, in  1.995 seconds
Domain Reload Profiling:
	ReloadAssembly (1996ms)
		BeginReloadAssembly (310ms)
			ExecutionOrderSort (0ms)
			DisableScriptedObjects (26ms)
			BackupInstance (0ms)
			ReleaseScriptingObjects (0ms)
			CreateAndSetChildDomain (65ms)
		EndReloadAssembly (1534ms)
			LoadAssemblies (260ms)
			RebuildTransferFunctionScriptingTraits (0ms)
			SetupTypeCache (635ms)
			ReleaseScriptCaches (1ms)
			RebuildScriptCaches (66ms)
			SetupLoadedEditorAssemblies (457ms)
				LogAssemblyErrors (0ms)
				InitializePlatformSupportModulesInManaged (10ms)
				SetLoadedEditorAssemblies (1ms)
				RefreshPlugins (1ms)
				BeforeProcessingInitializeOnLoad (142ms)
				ProcessInitializeOnLoadAttributes (285ms)
				ProcessInitializeOnLoadMethodAttributes (14ms)
				AfterProcessingInitializeOnLoad (5ms)
				EditorAssembliesLoaded (0ms)
			ExecutionOrderSort2 (0ms)
			AwakeInstancesAfterBackupRestoration (11ms)
Platform modules already initialized, skipping
Refreshing native plugins compatible for Editor in 0.99 ms, found 2 plugins.
Preloading 0 native plugins for Editor in 0.00 ms.
Unloading 1840 Unused Serialized files (Serialized files now loaded: 0)
System memory in use before: 90.2 MB.
System memory in use after: 90.3 MB.

Unloading 15 unused Assets to reduce memory usage. Loaded Objects now: 2328.
Total: 4.905100 ms (FindLiveObjects: 0.692300 ms CreateObjectMapping: 0.135000 ms MarkObjects: 3.969000 ms  DeleteObjects: 0.106800 ms)

AssetImportParameters requested are different than current active one (requested -> active):
  custom:framework-win-MediaFoundation: 216162199b28c13a410421893ffa2e32 -> 
  custom:video-decoder-ogg-theora: a1e56fd34408186e4bbccfd4996cb3dc -> 
  custom:container-muxer-webm: aa71ff27fc2769a1b78a27578f13a17b -> 
  custom:container-demuxer-webm: 4f35f7cbe854078d1ac9338744f61a02 -> 
  custom:container-demuxer-ogg: 62fdf1f143b41e24485cea50d1cbac27 -> 
  custom:video-encoder-webm-vp8: eb34c28f22e8b96e1ab97ce403110664 -> 
  custom:video-decoder-webm-vp8: 9c59270c3fd7afecdb556c50c9e8de78 -> 
  custom:audio-decoder-ogg-vorbis: bf7c407c2cedff20999df2af8eb42d56 -> 
  custom:audio-encoder-webm-vorbis: bf7c407c2cedff20999df2af8eb42d56 -> 
AssetImportWorkerClient::OnTransportError - code=2 error=End of file
